2019-11-01 10:07:02,713 INFO [root] [utils.py read_emp_add:66] - [jsonData {'emp_add': {'username': '女娲010', 'mobile': '13700452330', 'status_code': 200, 'success': True, 'code': 10000, 'message': '操作成功'}, 'emp_query': {'status_code': 200, 'success': True, 'code': 10000, 'message': '操作成功'}, 'emp_update': {'username': '迪士尼乐园', 'status_code': 200, 'success': True, 'code': 10000, 'message': '操作成功'}, 'emp_delete': {'status_code': 200, 'success': True, 'code': 10000, 'message': '操作成功'}}]
2019-11-01 10:07:02,726 INFO [root] [utils.py read_emp_add:76] - [读取到的添加员工的数据为：[('女娲010', '13700452330', 200, True, 10000, '操作成功')]]
2019-11-01 10:07:02,758 INFO [root] [utils.py query_emp:94] - [读取员工数据时，返回的数据为：[(200, True, 10000, '操作成功')]]
2019-11-01 10:07:02,785 INFO [root] [utils.py update_emp_data:111] - [修改员工数据时，返回的数据为：[('迪士尼乐园', 200, True, 10000, '操作成功')]]
2019-11-01 10:07:02,810 INFO [root] [utils.py delete_emp_data:127] - [删除员工用例的数据为：[(200, True, 10000, '操作成功')]]
2019-11-01 10:07:02,838 INFO [root] [utils.py read_login_data:56] - [读取后，返回的登陆数据列表为： [('登陆成功', '1380000002', '123456', 200, True, 10000, '操作成功'), ('用户名或密码错误', '1390000002', '123456', 200, False, 20001, '用户名或密码错误'), ('密码错误', '1380000002', 'error', 200, False, 20001, '用户名或密码错误'), ('手机号码为空', '', 'error', 200, False, 20001, '用户名或密码错误'), ('密码为空', '13800000002', '', 200, False, 20001, '用户名或密码错误')]]
2019-11-01 10:08:09,369 INFO [root] [utils.py read_emp_add:66] - [jsonData {'emp_add': {'username': '女娲010', 'mobile': '13700452330', 'status_code': 200, 'success': True, 'code': 10000, 'message': '操作成功'}, 'emp_query': {'status_code': 200, 'success': True, 'code': 10000, 'message': '操作成功'}, 'emp_update': {'username': '迪士尼乐园', 'status_code': 200, 'success': True, 'code': 10000, 'message': '操作成功'}, 'emp_delete': {'status_code': 200, 'success': True, 'code': 10000, 'message': '操作成功'}}]
2019-11-01 10:08:09,369 INFO [root] [utils.py read_emp_add:66] - [jsonData {'emp_add': {'username': '女娲010', 'mobile': '13700452330', 'status_code': 200, 'success': True, 'code': 10000, 'message': '操作成功'}, 'emp_query': {'status_code': 200, 'success': True, 'code': 10000, 'message': '操作成功'}, 'emp_update': {'username': '迪士尼乐园', 'status_code': 200, 'success': True, 'code': 10000, 'message': '操作成功'}, 'emp_delete': {'status_code': 200, 'success': True, 'code': 10000, 'message': '操作成功'}}]
2019-11-01 10:08:09,370 INFO [root] [utils.py read_emp_add:76] - [读取到的添加员工的数据为：[('女娲010', '13700452330', 200, True, 10000, '操作成功')]]
2019-11-01 10:08:09,370 INFO [root] [utils.py read_emp_add:76] - [读取到的添加员工的数据为：[('女娲010', '13700452330', 200, True, 10000, '操作成功')]]
2019-11-01 10:08:09,400 INFO [root] [utils.py query_emp:94] - [读取员工数据时，返回的数据为：[(200, True, 10000, '操作成功')]]
2019-11-01 10:08:09,400 INFO [root] [utils.py query_emp:94] - [读取员工数据时，返回的数据为：[(200, True, 10000, '操作成功')]]
2019-11-01 10:08:09,421 INFO [root] [utils.py update_emp_data:111] - [修改员工数据时，返回的数据为：[('迪士尼乐园', 200, True, 10000, '操作成功')]]
2019-11-01 10:08:09,421 INFO [root] [utils.py update_emp_data:111] - [修改员工数据时，返回的数据为：[('迪士尼乐园', 200, True, 10000, '操作成功')]]
2019-11-01 10:08:09,439 INFO [root] [utils.py delete_emp_data:127] - [删除员工用例的数据为：[(200, True, 10000, '操作成功')]]
2019-11-01 10:08:09,439 INFO [root] [utils.py delete_emp_data:127] - [删除员工用例的数据为：[(200, True, 10000, '操作成功')]]
2019-11-01 10:08:09,466 INFO [root] [utils.py read_login_data:56] - [读取后，返回的登陆数据列表为： [('登陆成功', '1380000002', '123456', 200, True, 10000, '操作成功'), ('用户名或密码错误', '1390000002', '123456', 200, False, 20001, '用户名或密码错误'), ('密码错误', '1380000002', 'error', 200, False, 20001, '用户名或密码错误'), ('手机号码为空', '', 'error', 200, False, 20001, '用户名或密码错误'), ('密码为空', '13800000002', '', 200, False, 20001, '用户名或密码错误')]]
2019-11-01 10:08:09,466 INFO [root] [utils.py read_login_data:56] - [读取后，返回的登陆数据列表为： [('登陆成功', '1380000002', '123456', 200, True, 10000, '操作成功'), ('用户名或密码错误', '1390000002', '123456', 200, False, 20001, '用户名或密码错误'), ('密码错误', '1380000002', 'error', 200, False, 20001, '用户名或密码错误'), ('手机号码为空', '', 'error', 200, False, 20001, '用户名或密码错误'), ('密码为空', '13800000002', '', 200, False, 20001, '用户名或密码错误')]]
2019-11-01 10:10:15,616 INFO [root] [login_api.py login_invalid_params:34] - [{'verfify': '123456'}]
2019-11-01 10:10:15,616 INFO [root] [login_api.py login_invalid_params:34] - [{'verfify': '123456'}]
2019-11-01 10:10:15,617 INFO [root] [login_api.py login_invalid_params:37] - [无效参数的登陆数据 {'mobile': '13800000002', 'password': '123456', 'verfify': '123456'}]
2019-11-01 10:10:15,617 INFO [root] [login_api.py login_invalid_params:37] - [无效参数的登陆数据 {'mobile': '13800000002', 'password': '123456', 'verfify': '123456'}]
2019-11-01 10:10:57,651 INFO [root] [emp_api.py add_emp:28] - [添加员工接口中，请求头为：self.headers = {'Content-Type': 'application/json'}]
2019-11-01 10:10:57,651 INFO [root] [emp_api.py add_emp:28] - [添加员工接口中，请求头为：self.headers = {'Content-Type': 'application/json'}]
2019-11-01 10:11:18,677 INFO [root] [emp_api.py query_emp:32] - [传入的查询员工API接口中的emp_id的值为:1189084867132215296]
2019-11-01 10:11:18,677 INFO [root] [emp_api.py query_emp:32] - [传入的查询员工API接口中的emp_id的值为:1189084867132215296]
2019-11-01 10:11:18,678 INFO [root] [emp_api.py query_emp:35] - [查询员工接口的URL为　http://182.92.81.159/api/sys/user/1189084867132215296]
2019-11-01 10:11:18,678 INFO [root] [emp_api.py query_emp:35] - [查询员工接口的URL为　http://182.92.81.159/api/sys/user/1189084867132215296]
2019-11-01 10:15:27,123 INFO [root] [utils.py read_emp_add:66] - [jsonData {'emp_add': {'username': '女娲010', 'mobile': '13700452330', 'status_code': 200, 'success': True, 'code': 10000, 'message': '操作成功'}, 'emp_query': {'status_code': 200, 'success': True, 'code': 10000, 'message': '操作成功'}, 'emp_update': {'username': '迪士尼乐园', 'status_code': 200, 'success': True, 'code': 10000, 'message': '操作成功'}, 'emp_delete': {'status_code': 200, 'success': True, 'code': 10000, 'message': '操作成功'}}]
2019-11-01 10:15:27,123 INFO [root] [utils.py read_emp_add:66] - [jsonData {'emp_add': {'username': '女娲010', 'mobile': '13700452330', 'status_code': 200, 'success': True, 'code': 10000, 'message': '操作成功'}, 'emp_query': {'status_code': 200, 'success': True, 'code': 10000, 'message': '操作成功'}, 'emp_update': {'username': '迪士尼乐园', 'status_code': 200, 'success': True, 'code': 10000, 'message': '操作成功'}, 'emp_delete': {'status_code': 200, 'success': True, 'code': 10000, 'message': '操作成功'}}]
2019-11-01 10:15:27,123 INFO [root] [utils.py read_emp_add:76] - [读取到的添加员工的数据为：[('女娲010', '13700452330', 200, True, 10000, '操作成功')]]
2019-11-01 10:15:27,123 INFO [root] [utils.py read_emp_add:76] - [读取到的添加员工的数据为：[('女娲010', '13700452330', 200, True, 10000, '操作成功')]]
2019-11-01 10:15:27,139 INFO [root] [utils.py query_emp:94] - [读取员工数据时，返回的数据为：[(200, True, 10000, '操作成功')]]
2019-11-01 10:15:27,139 INFO [root] [utils.py query_emp:94] - [读取员工数据时，返回的数据为：[(200, True, 10000, '操作成功')]]
2019-11-01 10:15:27,150 INFO [root] [utils.py update_emp_data:111] - [修改员工数据时，返回的数据为：[('迪士尼乐园', 200, True, 10000, '操作成功')]]
2019-11-01 10:15:27,150 INFO [root] [utils.py update_emp_data:111] - [修改员工数据时，返回的数据为：[('迪士尼乐园', 200, True, 10000, '操作成功')]]
2019-11-01 10:15:27,160 INFO [root] [utils.py delete_emp_data:127] - [删除员工用例的数据为：[(200, True, 10000, '操作成功')]]
2019-11-01 10:15:27,160 INFO [root] [utils.py delete_emp_data:127] - [删除员工用例的数据为：[(200, True, 10000, '操作成功')]]
2019-11-01 10:15:27,171 INFO [root] [utils.py read_login_data:56] - [读取后，返回的登陆数据列表为： [('登陆成功', '1380000002', '123456', 200, True, 10000, '操作成功'), ('用户名或密码错误', '1390000002', '123456', 200, False, 20001, '用户名或密码错误'), ('密码错误', '1380000002', 'error', 200, False, 20001, '用户名或密码错误'), ('手机号码为空', '', 'error', 200, False, 20001, '用户名或密码错误'), ('密码为空', '13800000002', '', 200, False, 20001, '用户名或密码错误')]]
2019-11-01 10:15:27,171 INFO [root] [utils.py read_login_data:56] - [读取后，返回的登陆数据列表为： [('登陆成功', '1380000002', '123456', 200, True, 10000, '操作成功'), ('用户名或密码错误', '1390000002', '123456', 200, False, 20001, '用户名或密码错误'), ('密码错误', '1380000002', 'error', 200, False, 20001, '用户名或密码错误'), ('手机号码为空', '', 'error', 200, False, 20001, '用户名或密码错误'), ('密码为空', '13800000002', '', 200, False, 20001, '用户名或密码错误')]]
2019-11-01 10:15:27,450 INFO [root] [login_api.py login_invalid_params:34] - [{'verfify': '123456'}]
2019-11-01 10:15:27,450 INFO [root] [login_api.py login_invalid_params:34] - [{'verfify': '123456'}]
2019-11-01 10:15:27,450 INFO [root] [login_api.py login_invalid_params:37] - [无效参数的登陆数据 {'mobile': '13800000002', 'password': '123456', 'verfify': '123456'}]
2019-11-01 10:15:27,450 INFO [root] [login_api.py login_invalid_params:37] - [无效参数的登陆数据 {'mobile': '13800000002', 'password': '123456', 'verfify': '123456'}]
2019-11-01 10:15:27,548 INFO [root] [emp_api.py add_emp:28] - [添加员工接口中，请求头为：self.headers = {'Content-Type': 'application/json'}]
2019-11-01 10:15:27,548 INFO [root] [emp_api.py add_emp:28] - [添加员工接口中，请求头为：self.headers = {'Content-Type': 'application/json'}]
2019-11-01 10:15:27,594 INFO [root] [emp_api.py query_emp:32] - [传入的查询员工API接口中的emp_id的值为:1189084867132215296]
2019-11-01 10:15:27,594 INFO [root] [emp_api.py query_emp:32] - [传入的查询员工API接口中的emp_id的值为:1189084867132215296]
2019-11-01 10:15:27,594 INFO [root] [emp_api.py query_emp:35] - [查询员工接口的URL为　http://182.92.81.159/api/sys/user/1189084867132215296]
2019-11-01 10:15:27,594 INFO [root] [emp_api.py query_emp:35] - [查询员工接口的URL为　http://182.92.81.159/api/sys/user/1189084867132215296]
2019-11-01 10:35:25,655 INFO [root] [utils.py read_emp_add:66] - [jsonData {'emp_add': {'username': '女娲010', 'mobile': '13700452330', 'status_code': 200, 'success': True, 'code': 10000, 'message': '操作成功'}, 'emp_query': {'status_code': 200, 'success': True, 'code': 10000, 'message': '操作成功'}, 'emp_update': {'username': '迪士尼乐园', 'status_code': 200, 'success': True, 'code': 10000, 'message': '操作成功'}, 'emp_delete': {'status_code': 200, 'success': True, 'code': 10000, 'message': '操作成功'}}]
2019-11-01 10:35:25,655 INFO [root] [utils.py read_emp_add:66] - [jsonData {'emp_add': {'username': '女娲010', 'mobile': '13700452330', 'status_code': 200, 'success': True, 'code': 10000, 'message': '操作成功'}, 'emp_query': {'status_code': 200, 'success': True, 'code': 10000, 'message': '操作成功'}, 'emp_update': {'username': '迪士尼乐园', 'status_code': 200, 'success': True, 'code': 10000, 'message': '操作成功'}, 'emp_delete': {'status_code': 200, 'success': True, 'code': 10000, 'message': '操作成功'}}]
2019-11-01 10:35:25,656 INFO [root] [utils.py read_emp_add:76] - [读取到的添加员工的数据为：[('女娲010', '13700452330', 200, True, 10000, '操作成功')]]
2019-11-01 10:35:25,656 INFO [root] [utils.py read_emp_add:76] - [读取到的添加员工的数据为：[('女娲010', '13700452330', 200, True, 10000, '操作成功')]]
2019-11-01 10:35:25,671 INFO [root] [utils.py query_emp:94] - [读取员工数据时，返回的数据为：[(200, True, 10000, '操作成功')]]
2019-11-01 10:35:25,671 INFO [root] [utils.py query_emp:94] - [读取员工数据时，返回的数据为：[(200, True, 10000, '操作成功')]]
2019-11-01 10:35:25,679 INFO [root] [utils.py update_emp_data:111] - [修改员工数据时，返回的数据为：[('迪士尼乐园', 200, True, 10000, '操作成功')]]
2019-11-01 10:35:25,679 INFO [root] [utils.py update_emp_data:111] - [修改员工数据时，返回的数据为：[('迪士尼乐园', 200, True, 10000, '操作成功')]]
2019-11-01 10:35:25,687 INFO [root] [utils.py delete_emp_data:127] - [删除员工用例的数据为：[(200, True, 10000, '操作成功')]]
2019-11-01 10:35:25,687 INFO [root] [utils.py delete_emp_data:127] - [删除员工用例的数据为：[(200, True, 10000, '操作成功')]]
2019-11-01 10:35:25,698 INFO [root] [utils.py read_login_data:56] - [读取后，返回的登陆数据列表为： [('登陆成功', '1380000002', '123456', 200, True, 10000, '操作成功'), ('用户名或密码错误', '1390000002', '123456', 200, False, 20001, '用户名或密码错误'), ('密码错误', '1380000002', 'error', 200, False, 20001, '用户名或密码错误'), ('手机号码为空', '', 'error', 200, False, 20001, '用户名或密码错误'), ('密码为空', '13800000002', '', 200, False, 20001, '用户名或密码错误')]]
2019-11-01 10:35:25,698 INFO [root] [utils.py read_login_data:56] - [读取后，返回的登陆数据列表为： [('登陆成功', '1380000002', '123456', 200, True, 10000, '操作成功'), ('用户名或密码错误', '1390000002', '123456', 200, False, 20001, '用户名或密码错误'), ('密码错误', '1380000002', 'error', 200, False, 20001, '用户名或密码错误'), ('手机号码为空', '', 'error', 200, False, 20001, '用户名或密码错误'), ('密码为空', '13800000002', '', 200, False, 20001, '用户名或密码错误')]]
2019-11-01 10:35:25,792 INFO [root] [login_parameterized.py test01_login:26] - [登陆成功的数据： {'success': False, 'code': 20001, 'message': '用户名或密码错误', 'data': None}]
2019-11-01 10:35:25,792 INFO [root] [login_parameterized.py test01_login:26] - [登陆成功的数据： {'success': False, 'code': 20001, 'message': '用户名或密码错误', 'data': None}]
2019-11-01 10:35:25,867 INFO [root] [login_parameterized.py test01_login:26] - [登陆成功的数据： {'success': False, 'code': 20001, 'message': '用户名或密码错误', 'data': None}]
2019-11-01 10:35:25,867 INFO [root] [login_parameterized.py test01_login:26] - [登陆成功的数据： {'success': False, 'code': 20001, 'message': '用户名或密码错误', 'data': None}]
2019-11-01 10:35:25,943 INFO [root] [login_parameterized.py test01_login:26] - [登陆成功的数据： {'success': False, 'code': 20001, 'message': '用户名或密码错误', 'data': None}]
2019-11-01 10:35:25,943 INFO [root] [login_parameterized.py test01_login:26] - [登陆成功的数据： {'success': False, 'code': 20001, 'message': '用户名或密码错误', 'data': None}]
2019-11-01 10:35:26,018 INFO [root] [login_parameterized.py test01_login:26] - [登陆成功的数据： {'success': False, 'code': 20001, 'message': '用户名或密码错误', 'data': None}]
2019-11-01 10:35:26,018 INFO [root] [login_parameterized.py test01_login:26] - [登陆成功的数据： {'success': False, 'code': 20001, 'message': '用户名或密码错误', 'data': None}]
2019-11-01 10:35:26,095 INFO [root] [login_parameterized.py test01_login:26] - [登陆成功的数据： {'success': True, 'code': 10000, 'message': '操作成功！', 'data': '30307f8c-01c2-4c66-8984-61096fae931e'}]
2019-11-01 10:35:26,095 INFO [root] [login_parameterized.py test01_login:26] - [登陆成功的数据： {'success': True, 'code': 10000, 'message': '操作成功！', 'data': '30307f8c-01c2-4c66-8984-61096fae931e'}]
2019-11-01 10:35:26,173 INFO [root] [login_parameterized.py test04_requests_params_is_empyt:42] - [请求参数为空： {'success': False, 'code': 99999, 'message': '抱歉，系统繁忙，请稍后重试！', 'data': None}]
2019-11-01 10:35:26,173 INFO [root] [login_parameterized.py test04_requests_params_is_empyt:42] - [请求参数为空： {'success': False, 'code': 99999, 'message': '抱歉，系统繁忙，请稍后重试！', 'data': None}]
2019-11-01 10:35:26,174 INFO [root] [login_api.py login_invalid_params:34] - [{'verfify': '123456'}]
2019-11-01 10:35:26,174 INFO [root] [login_api.py login_invalid_params:34] - [{'verfify': '123456'}]
2019-11-01 10:35:26,175 INFO [root] [login_api.py login_invalid_params:37] - [无效参数的登陆数据 {'mobile': '13800000002', 'password': '123456', 'verfify': '123456'}]
2019-11-01 10:35:26,175 INFO [root] [login_api.py login_invalid_params:37] - [无效参数的登陆数据 {'mobile': '13800000002', 'password': '123456', 'verfify': '123456'}]
2019-11-01 10:35:26,255 INFO [root] [login_parameterized.py test07_add_invalid_params:50] - [添加一个无效的参数： {'success': True, 'code': 10000, 'message': '操作成功！', 'data': '3d13c3e9-2201-4382-b7f7-4437dd698680'}]
2019-11-01 10:35:26,255 INFO [root] [login_parameterized.py test07_add_invalid_params:50] - [添加一个无效的参数： {'success': True, 'code': 10000, 'message': '操作成功！', 'data': '3d13c3e9-2201-4382-b7f7-4437dd698680'}]
2019-11-01 10:35:26,331 INFO [root] [emp_parameterized.py test01_login_success:29] - [员工管理模块登陆接口的调用结果为： {'success': True, 'code': 10000, 'message': '操作成功！', 'data': '13b4e3ef-c9e6-4f17-ab2e-1bab340d4a0d'}]
2019-11-01 10:35:26,331 INFO [root] [emp_parameterized.py test01_login_success:29] - [员工管理模块登陆接口的调用结果为： {'success': True, 'code': 10000, 'message': '操作成功！', 'data': '13b4e3ef-c9e6-4f17-ab2e-1bab340d4a0d'}]
2019-11-01 10:35:26,331 INFO [root] [emp_parameterized.py test01_login_success:35] - [员工管理模块登陆接口中访问app.Headers的值为： {'Content-Type': 'application/json', 'Authorization': 'Bearer 13b4e3ef-c9e6-4f17-ab2e-1bab340d4a0d'}]
2019-11-01 10:35:26,331 INFO [root] [emp_parameterized.py test01_login_success:35] - [员工管理模块登陆接口中访问app.Headers的值为： {'Content-Type': 'application/json', 'Authorization': 'Bearer 13b4e3ef-c9e6-4f17-ab2e-1bab340d4a0d'}]
2019-11-01 10:35:26,332 INFO [root] [emp_api.py add_emp:28] - [添加员工接口中，请求头为：self.headers = {'Content-Type': 'application/json', 'Authorization': 'Bearer 13b4e3ef-c9e6-4f17-ab2e-1bab340d4a0d'}]
2019-11-01 10:35:26,332 INFO [root] [emp_api.py add_emp:28] - [添加员工接口中，请求头为：self.headers = {'Content-Type': 'application/json', 'Authorization': 'Bearer 13b4e3ef-c9e6-4f17-ab2e-1bab340d4a0d'}]
2019-11-01 10:35:26,413 INFO [root] [emp_parameterized.py test02_add_emp:47] - [添加员工接口的返回值为： {'success': True, 'code': 10000, 'message': '操作成功！', 'data': {'id': '1190094969687592960'}}]
2019-11-01 10:35:26,413 INFO [root] [emp_parameterized.py test02_add_emp:47] - [添加员工接口的返回值为： {'success': True, 'code': 10000, 'message': '操作成功！', 'data': {'id': '1190094969687592960'}}]
2019-11-01 10:35:26,413 INFO [root] [emp_parameterized.py test02_add_emp:52] - [添加员工接口后，保存在app.EMP_ID的值为1190094969687592960]
2019-11-01 10:35:26,413 INFO [root] [emp_parameterized.py test02_add_emp:52] - [添加员工接口后，保存在app.EMP_ID的值为1190094969687592960]
2019-11-01 10:35:26,598 INFO [root] [emp_parameterized.py test02_add_emp:68] - [从数据库查询的到的username是('女娲010',)]
2019-11-01 10:35:26,598 INFO [root] [emp_parameterized.py test02_add_emp:68] - [从数据库查询的到的username是('女娲010',)]
2019-11-01 10:35:26,599 INFO [root] [emp_api.py query_emp:32] - [传入的查询员工API接口中的emp_id的值为:1190094969687592960]
2019-11-01 10:35:26,599 INFO [root] [emp_api.py query_emp:32] - [传入的查询员工API接口中的emp_id的值为:1190094969687592960]
2019-11-01 10:35:26,599 INFO [root] [emp_api.py query_emp:35] - [查询员工接口的URL为　http://182.92.81.159/api/sys/user/1190094969687592960]
2019-11-01 10:35:26,599 INFO [root] [emp_api.py query_emp:35] - [查询员工接口的URL为　http://182.92.81.159/api/sys/user/1190094969687592960]
2019-11-01 10:35:26,681 INFO [root] [emp_parameterized.py test03_query_emp:84] - [查询员工接口返回的数据为：{'success': True, 'code': 10000, 'message': '操作成功！', 'data': {'id': '1190094969687592960', 'mobile': '13700452330', 'username': '女娲010', 'password': '4faf9b4fc3c15f39b6184727164dc545', 'enableState': 1, 'createTime': None, 'companyId': '1', 'companyName': '传智播客', 'departmentId': '1066238836272664576', 'timeOfEntry': '2019-10-01T00:00:00.000+0000', 'formOfEmployment': 1, 'workNumber': '9833221', 'formOfManagement': None, 'workingCity': None, 'correctionTime': '2019-12-31T16:00:00.000+0000', 'inServiceStatus': None, 'departmentName': '财务部', 'roleIds': [], 'staffPhoto': None}}]
2019-11-01 10:35:26,681 INFO [root] [emp_parameterized.py test03_query_emp:84] - [查询员工接口返回的数据为：{'success': True, 'code': 10000, 'message': '操作成功！', 'data': {'id': '1190094969687592960', 'mobile': '13700452330', 'username': '女娲010', 'password': '4faf9b4fc3c15f39b6184727164dc545', 'enableState': 1, 'createTime': None, 'companyId': '1', 'companyName': '传智播客', 'departmentId': '1066238836272664576', 'timeOfEntry': '2019-10-01T00:00:00.000+0000', 'formOfEmployment': 1, 'workNumber': '9833221', 'formOfManagement': None, 'workingCity': None, 'correctionTime': '2019-12-31T16:00:00.000+0000', 'inServiceStatus': None, 'departmentName': '财务部', 'roleIds': [], 'staffPhoto': None}}]
2019-11-01 10:35:26,760 INFO [root] [emp_parameterized.py test04_update_emp:93] - [修改员工的结果为：{'success': True, 'code': 10000, 'message': '操作成功！', 'data': {'id': '1190094969687592960'}}]
2019-11-01 10:35:26,760 INFO [root] [emp_parameterized.py test04_update_emp:93] - [修改员工的结果为：{'success': True, 'code': 10000, 'message': '操作成功！', 'data': {'id': '1190094969687592960'}}]
2019-11-01 10:35:26,838 INFO [root] [emp_parameterized.py test05_delete_emp:102] - [删除员工的结果为：{'success': True, 'code': 10000, 'message': '操作成功！', 'data': None}]
2019-11-01 10:35:26,838 INFO [root] [emp_parameterized.py test05_delete_emp:102] - [删除员工的结果为：{'success': True, 'code': 10000, 'message': '操作成功！', 'data': None}]
2019-11-01 10:36:43,716 INFO [root] [utils.py read_emp_add:66] - [jsonData {'emp_add': {'username': '女娲010', 'mobile': '13700452330', 'status_code': 200, 'success': True, 'code': 10000, 'message': '操作成功'}, 'emp_query': {'status_code': 200, 'success': True, 'code': 10000, 'message': '操作成功'}, 'emp_update': {'username': '迪士尼乐园', 'status_code': 200, 'success': True, 'code': 10000, 'message': '操作成功'}, 'emp_delete': {'status_code': 200, 'success': True, 'code': 10000, 'message': '操作成功'}}]
2019-11-01 10:36:43,716 INFO [root] [utils.py read_emp_add:66] - [jsonData {'emp_add': {'username': '女娲010', 'mobile': '13700452330', 'status_code': 200, 'success': True, 'code': 10000, 'message': '操作成功'}, 'emp_query': {'status_code': 200, 'success': True, 'code': 10000, 'message': '操作成功'}, 'emp_update': {'username': '迪士尼乐园', 'status_code': 200, 'success': True, 'code': 10000, 'message': '操作成功'}, 'emp_delete': {'status_code': 200, 'success': True, 'code': 10000, 'message': '操作成功'}}]
2019-11-01 10:36:43,717 INFO [root] [utils.py read_emp_add:76] - [读取到的添加员工的数据为：[('女娲010', '13700452330', 200, True, 10000, '操作成功')]]
2019-11-01 10:36:43,717 INFO [root] [utils.py read_emp_add:76] - [读取到的添加员工的数据为：[('女娲010', '13700452330', 200, True, 10000, '操作成功')]]
2019-11-01 10:36:43,732 INFO [root] [utils.py query_emp:94] - [读取员工数据时，返回的数据为：[(200, True, 10000, '操作成功')]]
2019-11-01 10:36:43,732 INFO [root] [utils.py query_emp:94] - [读取员工数据时，返回的数据为：[(200, True, 10000, '操作成功')]]
2019-11-01 10:36:43,749 INFO [root] [utils.py update_emp_data:111] - [修改员工数据时，返回的数据为：[('迪士尼乐园', 200, True, 10000, '操作成功')]]
2019-11-01 10:36:43,749 INFO [root] [utils.py update_emp_data:111] - [修改员工数据时，返回的数据为：[('迪士尼乐园', 200, True, 10000, '操作成功')]]
2019-11-01 10:36:43,773 INFO [root] [utils.py delete_emp_data:127] - [删除员工用例的数据为：[(200, True, 10000, '操作成功')]]
2019-11-01 10:36:43,773 INFO [root] [utils.py delete_emp_data:127] - [删除员工用例的数据为：[(200, True, 10000, '操作成功')]]
2019-11-01 10:36:43,784 INFO [root] [utils.py read_login_data:56] - [读取后，返回的登陆数据列表为： [('登陆成功', '1380000002', '123456', 200, True, 10000, '操作成功'), ('用户名或密码错误', '1390000002', '123456', 200, False, 20001, '用户名或密码错误'), ('密码错误', '1380000002', 'error', 200, False, 20001, '用户名或密码错误'), ('手机号码为空', '', 'error', 200, False, 20001, '用户名或密码错误'), ('密码为空', '13800000002', '', 200, False, 20001, '用户名或密码错误')]]
2019-11-01 10:36:43,784 INFO [root] [utils.py read_login_data:56] - [读取后，返回的登陆数据列表为： [('登陆成功', '1380000002', '123456', 200, True, 10000, '操作成功'), ('用户名或密码错误', '1390000002', '123456', 200, False, 20001, '用户名或密码错误'), ('密码错误', '1380000002', 'error', 200, False, 20001, '用户名或密码错误'), ('手机号码为空', '', 'error', 200, False, 20001, '用户名或密码错误'), ('密码为空', '13800000002', '', 200, False, 20001, '用户名或密码错误')]]
2019-11-01 10:36:43,883 INFO [root] [login_parameterized.py test01_login:26] - [登陆成功的数据： {'success': False, 'code': 20001, 'message': '用户名或密码错误', 'data': None}]
2019-11-01 10:36:43,883 INFO [root] [login_parameterized.py test01_login:26] - [登陆成功的数据： {'success': False, 'code': 20001, 'message': '用户名或密码错误', 'data': None}]
2019-11-01 10:36:43,973 INFO [root] [login_parameterized.py test01_login:26] - [登陆成功的数据： {'success': False, 'code': 20001, 'message': '用户名或密码错误', 'data': None}]
2019-11-01 10:36:43,973 INFO [root] [login_parameterized.py test01_login:26] - [登陆成功的数据： {'success': False, 'code': 20001, 'message': '用户名或密码错误', 'data': None}]
2019-11-01 10:36:44,046 INFO [root] [login_parameterized.py test01_login:26] - [登陆成功的数据： {'success': False, 'code': 20001, 'message': '用户名或密码错误', 'data': None}]
2019-11-01 10:36:44,046 INFO [root] [login_parameterized.py test01_login:26] - [登陆成功的数据： {'success': False, 'code': 20001, 'message': '用户名或密码错误', 'data': None}]
2019-11-01 10:36:44,127 INFO [root] [login_parameterized.py test01_login:26] - [登陆成功的数据： {'success': False, 'code': 20001, 'message': '用户名或密码错误', 'data': None}]
2019-11-01 10:36:44,127 INFO [root] [login_parameterized.py test01_login:26] - [登陆成功的数据： {'success': False, 'code': 20001, 'message': '用户名或密码错误', 'data': None}]
2019-11-01 10:36:44,206 INFO [root] [login_parameterized.py test01_login:26] - [登陆成功的数据： {'success': True, 'code': 10000, 'message': '操作成功！', 'data': '12c35d3e-38eb-49bf-a004-c6c6f5d3726d'}]
2019-11-01 10:36:44,206 INFO [root] [login_parameterized.py test01_login:26] - [登陆成功的数据： {'success': True, 'code': 10000, 'message': '操作成功！', 'data': '12c35d3e-38eb-49bf-a004-c6c6f5d3726d'}]
2019-11-01 10:36:44,292 INFO [root] [login_parameterized.py test04_requests_params_is_empyt:42] - [请求参数为空： {'success': False, 'code': 99999, 'message': '抱歉，系统繁忙，请稍后重试！', 'data': None}]
2019-11-01 10:36:44,292 INFO [root] [login_parameterized.py test04_requests_params_is_empyt:42] - [请求参数为空： {'success': False, 'code': 99999, 'message': '抱歉，系统繁忙，请稍后重试！', 'data': None}]
2019-11-01 10:36:44,292 INFO [root] [login_api.py login_invalid_params:34] - [{'verfify': '123456'}]
2019-11-01 10:36:44,292 INFO [root] [login_api.py login_invalid_params:34] - [{'verfify': '123456'}]
2019-11-01 10:36:44,292 INFO [root] [login_api.py login_invalid_params:37] - [无效参数的登陆数据 {'mobile': '13800000002', 'password': '123456', 'verfify': '123456'}]
2019-11-01 10:36:44,292 INFO [root] [login_api.py login_invalid_params:37] - [无效参数的登陆数据 {'mobile': '13800000002', 'password': '123456', 'verfify': '123456'}]
2019-11-01 10:36:44,371 INFO [root] [login_parameterized.py test07_add_invalid_params:50] - [添加一个无效的参数： {'success': True, 'code': 10000, 'message': '操作成功！', 'data': '29496bca-1236-4f9a-a402-9fba36171625'}]
2019-11-01 10:36:44,371 INFO [root] [login_parameterized.py test07_add_invalid_params:50] - [添加一个无效的参数： {'success': True, 'code': 10000, 'message': '操作成功！', 'data': '29496bca-1236-4f9a-a402-9fba36171625'}]
2019-11-01 10:36:44,459 INFO [root] [emp_parameterized.py test01_login_success:29] - [员工管理模块登陆接口的调用结果为： {'success': True, 'code': 10000, 'message': '操作成功！', 'data': '66616ea6-b710-437d-9446-2640dcf2334d'}]
2019-11-01 10:36:44,459 INFO [root] [emp_parameterized.py test01_login_success:29] - [员工管理模块登陆接口的调用结果为： {'success': True, 'code': 10000, 'message': '操作成功！', 'data': '66616ea6-b710-437d-9446-2640dcf2334d'}]
2019-11-01 10:36:44,460 INFO [root] [emp_parameterized.py test01_login_success:35] - [员工管理模块登陆接口中访问app.Headers的值为： {'Content-Type': 'application/json', 'Authorization': 'Bearer 66616ea6-b710-437d-9446-2640dcf2334d'}]
2019-11-01 10:36:44,460 INFO [root] [emp_parameterized.py test01_login_success:35] - [员工管理模块登陆接口中访问app.Headers的值为： {'Content-Type': 'application/json', 'Authorization': 'Bearer 66616ea6-b710-437d-9446-2640dcf2334d'}]
2019-11-01 10:36:44,460 INFO [root] [emp_api.py add_emp:28] - [添加员工接口中，请求头为：self.headers = {'Content-Type': 'application/json', 'Authorization': 'Bearer 66616ea6-b710-437d-9446-2640dcf2334d'}]
2019-11-01 10:36:44,460 INFO [root] [emp_api.py add_emp:28] - [添加员工接口中，请求头为：self.headers = {'Content-Type': 'application/json', 'Authorization': 'Bearer 66616ea6-b710-437d-9446-2640dcf2334d'}]
2019-11-01 10:36:44,546 INFO [root] [emp_parameterized.py test02_add_emp:47] - [添加员工接口的返回值为： {'success': True, 'code': 10000, 'message': '操作成功！', 'data': {'id': '1190095297396953088'}}]
2019-11-01 10:36:44,546 INFO [root] [emp_parameterized.py test02_add_emp:47] - [添加员工接口的返回值为： {'success': True, 'code': 10000, 'message': '操作成功！', 'data': {'id': '1190095297396953088'}}]
2019-11-01 10:36:44,547 INFO [root] [emp_parameterized.py test02_add_emp:52] - [添加员工接口后，保存在app.EMP_ID的值为1190095297396953088]
2019-11-01 10:36:44,547 INFO [root] [emp_parameterized.py test02_add_emp:52] - [添加员工接口后，保存在app.EMP_ID的值为1190095297396953088]
2019-11-01 10:36:44,719 INFO [root] [emp_parameterized.py test02_add_emp:68] - [从数据库查询的到的username是('女娲010',)]
2019-11-01 10:36:44,719 INFO [root] [emp_parameterized.py test02_add_emp:68] - [从数据库查询的到的username是('女娲010',)]
2019-11-01 10:36:44,721 INFO [root] [emp_api.py query_emp:32] - [传入的查询员工API接口中的emp_id的值为:1190095297396953088]
2019-11-01 10:36:44,721 INFO [root] [emp_api.py query_emp:32] - [传入的查询员工API接口中的emp_id的值为:1190095297396953088]
2019-11-01 10:36:44,721 INFO [root] [emp_api.py query_emp:35] - [查询员工接口的URL为　http://182.92.81.159/api/sys/user/1190095297396953088]
2019-11-01 10:36:44,721 INFO [root] [emp_api.py query_emp:35] - [查询员工接口的URL为　http://182.92.81.159/api/sys/user/1190095297396953088]
2019-11-01 10:36:44,796 INFO [root] [emp_parameterized.py test03_query_emp:84] - [查询员工接口返回的数据为：{'success': True, 'code': 10000, 'message': '操作成功！', 'data': {'id': '1190095297396953088', 'mobile': '13700452330', 'username': '女娲010', 'password': '4faf9b4fc3c15f39b6184727164dc545', 'enableState': 1, 'createTime': None, 'companyId': '1', 'companyName': '传智播客', 'departmentId': '1066238836272664576', 'timeOfEntry': '2019-10-01T00:00:00.000+0000', 'formOfEmployment': 1, 'workNumber': '9833221', 'formOfManagement': None, 'workingCity': None, 'correctionTime': '2019-12-31T16:00:00.000+0000', 'inServiceStatus': None, 'departmentName': '财务部', 'roleIds': [], 'staffPhoto': None}}]
2019-11-01 10:36:44,796 INFO [root] [emp_parameterized.py test03_query_emp:84] - [查询员工接口返回的数据为：{'success': True, 'code': 10000, 'message': '操作成功！', 'data': {'id': '1190095297396953088', 'mobile': '13700452330', 'username': '女娲010', 'password': '4faf9b4fc3c15f39b6184727164dc545', 'enableState': 1, 'createTime': None, 'companyId': '1', 'companyName': '传智播客', 'departmentId': '1066238836272664576', 'timeOfEntry': '2019-10-01T00:00:00.000+0000', 'formOfEmployment': 1, 'workNumber': '9833221', 'formOfManagement': None, 'workingCity': None, 'correctionTime': '2019-12-31T16:00:00.000+0000', 'inServiceStatus': None, 'departmentName': '财务部', 'roleIds': [], 'staffPhoto': None}}]
2019-11-01 10:36:44,903 INFO [root] [emp_parameterized.py test04_update_emp:93] - [修改员工的结果为：{'success': True, 'code': 10000, 'message': '操作成功！', 'data': {'id': '1190095297396953088'}}]
2019-11-01 10:36:44,903 INFO [root] [emp_parameterized.py test04_update_emp:93] - [修改员工的结果为：{'success': True, 'code': 10000, 'message': '操作成功！', 'data': {'id': '1190095297396953088'}}]
2019-11-01 10:36:44,980 INFO [root] [emp_parameterized.py test05_delete_emp:102] - [删除员工的结果为：{'success': True, 'code': 10000, 'message': '操作成功！', 'data': None}]
2019-11-01 10:36:44,980 INFO [root] [emp_parameterized.py test05_delete_emp:102] - [删除员工的结果为：{'success': True, 'code': 10000, 'message': '操作成功！', 'data': None}]
2019-11-01 10:36:55,319 INFO [root] [utils.py read_emp_add:66] - [jsonData {'emp_add': {'username': '女娲010', 'mobile': '13700452330', 'status_code': 200, 'success': True, 'code': 10000, 'message': '操作成功'}, 'emp_query': {'status_code': 200, 'success': True, 'code': 10000, 'message': '操作成功'}, 'emp_update': {'username': '迪士尼乐园', 'status_code': 200, 'success': True, 'code': 10000, 'message': '操作成功'}, 'emp_delete': {'status_code': 200, 'success': True, 'code': 10000, 'message': '操作成功'}}]
2019-11-01 10:36:55,319 INFO [root] [utils.py read_emp_add:66] - [jsonData {'emp_add': {'username': '女娲010', 'mobile': '13700452330', 'status_code': 200, 'success': True, 'code': 10000, 'message': '操作成功'}, 'emp_query': {'status_code': 200, 'success': True, 'code': 10000, 'message': '操作成功'}, 'emp_update': {'username': '迪士尼乐园', 'status_code': 200, 'success': True, 'code': 10000, 'message': '操作成功'}, 'emp_delete': {'status_code': 200, 'success': True, 'code': 10000, 'message': '操作成功'}}]
2019-11-01 10:36:55,319 INFO [root] [utils.py read_emp_add:76] - [读取到的添加员工的数据为：[('女娲010', '13700452330', 200, True, 10000, '操作成功')]]
2019-11-01 10:36:55,319 INFO [root] [utils.py read_emp_add:76] - [读取到的添加员工的数据为：[('女娲010', '13700452330', 200, True, 10000, '操作成功')]]
2019-11-01 10:36:55,330 INFO [root] [utils.py query_emp:94] - [读取员工数据时，返回的数据为：[(200, True, 10000, '操作成功')]]
2019-11-01 10:36:55,330 INFO [root] [utils.py query_emp:94] - [读取员工数据时，返回的数据为：[(200, True, 10000, '操作成功')]]
2019-11-01 10:36:55,340 INFO [root] [utils.py update_emp_data:111] - [修改员工数据时，返回的数据为：[('迪士尼乐园', 200, True, 10000, '操作成功')]]
2019-11-01 10:36:55,340 INFO [root] [utils.py update_emp_data:111] - [修改员工数据时，返回的数据为：[('迪士尼乐园', 200, True, 10000, '操作成功')]]
2019-11-01 10:36:55,351 INFO [root] [utils.py delete_emp_data:127] - [删除员工用例的数据为：[(200, True, 10000, '操作成功')]]
2019-11-01 10:36:55,351 INFO [root] [utils.py delete_emp_data:127] - [删除员工用例的数据为：[(200, True, 10000, '操作成功')]]
2019-11-01 10:36:55,366 INFO [root] [utils.py read_login_data:56] - [读取后，返回的登陆数据列表为： [('登陆成功', '1380000002', '123456', 200, True, 10000, '操作成功'), ('用户名或密码错误', '1390000002', '123456', 200, False, 20001, '用户名或密码错误'), ('密码错误', '1380000002', 'error', 200, False, 20001, '用户名或密码错误'), ('手机号码为空', '', 'error', 200, False, 20001, '用户名或密码错误'), ('密码为空', '13800000002', '', 200, False, 20001, '用户名或密码错误')]]
2019-11-01 10:36:55,366 INFO [root] [utils.py read_login_data:56] - [读取后，返回的登陆数据列表为： [('登陆成功', '1380000002', '123456', 200, True, 10000, '操作成功'), ('用户名或密码错误', '1390000002', '123456', 200, False, 20001, '用户名或密码错误'), ('密码错误', '1380000002', 'error', 200, False, 20001, '用户名或密码错误'), ('手机号码为空', '', 'error', 200, False, 20001, '用户名或密码错误'), ('密码为空', '13800000002', '', 200, False, 20001, '用户名或密码错误')]]
2019-11-01 10:36:55,464 INFO [root] [login_parameterized.py test01_login:26] - [登陆成功的数据： {'success': False, 'code': 20001, 'message': '用户名或密码错误', 'data': None}]
2019-11-01 10:36:55,464 INFO [root] [login_parameterized.py test01_login:26] - [登陆成功的数据： {'success': False, 'code': 20001, 'message': '用户名或密码错误', 'data': None}]
2019-11-01 10:36:55,540 INFO [root] [login_parameterized.py test01_login:26] - [登陆成功的数据： {'success': False, 'code': 20001, 'message': '用户名或密码错误', 'data': None}]
2019-11-01 10:36:55,540 INFO [root] [login_parameterized.py test01_login:26] - [登陆成功的数据： {'success': False, 'code': 20001, 'message': '用户名或密码错误', 'data': None}]
2019-11-01 10:36:55,619 INFO [root] [login_parameterized.py test01_login:26] - [登陆成功的数据： {'success': False, 'code': 20001, 'message': '用户名或密码错误', 'data': None}]
2019-11-01 10:36:55,619 INFO [root] [login_parameterized.py test01_login:26] - [登陆成功的数据： {'success': False, 'code': 20001, 'message': '用户名或密码错误', 'data': None}]
2019-11-01 10:36:55,699 INFO [root] [login_parameterized.py test01_login:26] - [登陆成功的数据： {'success': False, 'code': 20001, 'message': '用户名或密码错误', 'data': None}]
2019-11-01 10:36:55,699 INFO [root] [login_parameterized.py test01_login:26] - [登陆成功的数据： {'success': False, 'code': 20001, 'message': '用户名或密码错误', 'data': None}]
2019-11-01 10:36:55,776 INFO [root] [login_parameterized.py test01_login:26] - [登陆成功的数据： {'success': True, 'code': 10000, 'message': '操作成功！', 'data': '893f27c2-0517-48f0-8cdd-77ac090a811c'}]
2019-11-01 10:36:55,776 INFO [root] [login_parameterized.py test01_login:26] - [登陆成功的数据： {'success': True, 'code': 10000, 'message': '操作成功！', 'data': '893f27c2-0517-48f0-8cdd-77ac090a811c'}]
2019-11-01 10:36:55,852 INFO [root] [login_parameterized.py test04_requests_params_is_empyt:42] - [请求参数为空： {'success': False, 'code': 99999, 'message': '抱歉，系统繁忙，请稍后重试！', 'data': None}]
2019-11-01 10:36:55,852 INFO [root] [login_parameterized.py test04_requests_params_is_empyt:42] - [请求参数为空： {'success': False, 'code': 99999, 'message': '抱歉，系统繁忙，请稍后重试！', 'data': None}]
2019-11-01 10:36:55,853 INFO [root] [login_api.py login_invalid_params:34] - [{'verfify': '123456'}]
2019-11-01 10:36:55,853 INFO [root] [login_api.py login_invalid_params:34] - [{'verfify': '123456'}]
2019-11-01 10:36:55,853 INFO [root] [login_api.py login_invalid_params:37] - [无效参数的登陆数据 {'mobile': '13800000002', 'password': '123456', 'verfify': '123456'}]
2019-11-01 10:36:55,853 INFO [root] [login_api.py login_invalid_params:37] - [无效参数的登陆数据 {'mobile': '13800000002', 'password': '123456', 'verfify': '123456'}]
2019-11-01 10:36:55,931 INFO [root] [login_parameterized.py test07_add_invalid_params:50] - [添加一个无效的参数： {'success': True, 'code': 10000, 'message': '操作成功！', 'data': 'd2da7931-3ba1-4124-911d-e5d0975af709'}]
2019-11-01 10:36:55,931 INFO [root] [login_parameterized.py test07_add_invalid_params:50] - [添加一个无效的参数： {'success': True, 'code': 10000, 'message': '操作成功！', 'data': 'd2da7931-3ba1-4124-911d-e5d0975af709'}]
2019-11-01 10:36:56,006 INFO [root] [emp_parameterized.py test01_login_success:29] - [员工管理模块登陆接口的调用结果为： {'success': True, 'code': 10000, 'message': '操作成功！', 'data': '99dd2e5f-a506-4337-9915-d1f358c40dd3'}]
2019-11-01 10:36:56,006 INFO [root] [emp_parameterized.py test01_login_success:29] - [员工管理模块登陆接口的调用结果为： {'success': True, 'code': 10000, 'message': '操作成功！', 'data': '99dd2e5f-a506-4337-9915-d1f358c40dd3'}]
2019-11-01 10:36:56,007 INFO [root] [emp_parameterized.py test01_login_success:35] - [员工管理模块登陆接口中访问app.Headers的值为： {'Content-Type': 'application/json', 'Authorization': 'Bearer 99dd2e5f-a506-4337-9915-d1f358c40dd3'}]
2019-11-01 10:36:56,007 INFO [root] [emp_parameterized.py test01_login_success:35] - [员工管理模块登陆接口中访问app.Headers的值为： {'Content-Type': 'application/json', 'Authorization': 'Bearer 99dd2e5f-a506-4337-9915-d1f358c40dd3'}]
2019-11-01 10:36:56,007 INFO [root] [emp_api.py add_emp:28] - [添加员工接口中，请求头为：self.headers = {'Content-Type': 'application/json', 'Authorization': 'Bearer 99dd2e5f-a506-4337-9915-d1f358c40dd3'}]
2019-11-01 10:36:56,007 INFO [root] [emp_api.py add_emp:28] - [添加员工接口中，请求头为：self.headers = {'Content-Type': 'application/json', 'Authorization': 'Bearer 99dd2e5f-a506-4337-9915-d1f358c40dd3'}]
2019-11-01 10:36:56,092 INFO [root] [emp_parameterized.py test02_add_emp:47] - [添加员工接口的返回值为： {'success': True, 'code': 10000, 'message': '操作成功！', 'data': {'id': '1190095345820192768'}}]
2019-11-01 10:36:56,092 INFO [root] [emp_parameterized.py test02_add_emp:47] - [添加员工接口的返回值为： {'success': True, 'code': 10000, 'message': '操作成功！', 'data': {'id': '1190095345820192768'}}]
2019-11-01 10:36:56,092 INFO [root] [emp_parameterized.py test02_add_emp:52] - [添加员工接口后，保存在app.EMP_ID的值为1190095345820192768]
2019-11-01 10:36:56,092 INFO [root] [emp_parameterized.py test02_add_emp:52] - [添加员工接口后，保存在app.EMP_ID的值为1190095345820192768]
2019-11-01 10:36:56,274 INFO [root] [emp_parameterized.py test02_add_emp:68] - [从数据库查询的到的username是('女娲010',)]
2019-11-01 10:36:56,274 INFO [root] [emp_parameterized.py test02_add_emp:68] - [从数据库查询的到的username是('女娲010',)]
2019-11-01 10:36:56,274 INFO [root] [emp_api.py query_emp:32] - [传入的查询员工API接口中的emp_id的值为:1190095345820192768]
2019-11-01 10:36:56,274 INFO [root] [emp_api.py query_emp:32] - [传入的查询员工API接口中的emp_id的值为:1190095345820192768]
2019-11-01 10:36:56,275 INFO [root] [emp_api.py query_emp:35] - [查询员工接口的URL为　http://182.92.81.159/api/sys/user/1190095345820192768]
2019-11-01 10:36:56,275 INFO [root] [emp_api.py query_emp:35] - [查询员工接口的URL为　http://182.92.81.159/api/sys/user/1190095345820192768]
2019-11-01 10:36:56,350 INFO [root] [emp_parameterized.py test03_query_emp:84] - [查询员工接口返回的数据为：{'success': True, 'code': 10000, 'message': '操作成功！', 'data': {'id': '1190095345820192768', 'mobile': '13700452330', 'username': '女娲010', 'password': '4faf9b4fc3c15f39b6184727164dc545', 'enableState': 1, 'createTime': None, 'companyId': '1', 'companyName': '传智播客', 'departmentId': '1066238836272664576', 'timeOfEntry': '2019-10-01T00:00:00.000+0000', 'formOfEmployment': 1, 'workNumber': '9833221', 'formOfManagement': None, 'workingCity': None, 'correctionTime': '2019-12-31T16:00:00.000+0000', 'inServiceStatus': None, 'departmentName': '财务部', 'roleIds': [], 'staffPhoto': None}}]
2019-11-01 10:36:56,350 INFO [root] [emp_parameterized.py test03_query_emp:84] - [查询员工接口返回的数据为：{'success': True, 'code': 10000, 'message': '操作成功！', 'data': {'id': '1190095345820192768', 'mobile': '13700452330', 'username': '女娲010', 'password': '4faf9b4fc3c15f39b6184727164dc545', 'enableState': 1, 'createTime': None, 'companyId': '1', 'companyName': '传智播客', 'departmentId': '1066238836272664576', 'timeOfEntry': '2019-10-01T00:00:00.000+0000', 'formOfEmployment': 1, 'workNumber': '9833221', 'formOfManagement': None, 'workingCity': None, 'correctionTime': '2019-12-31T16:00:00.000+0000', 'inServiceStatus': None, 'departmentName': '财务部', 'roleIds': [], 'staffPhoto': None}}]
2019-11-01 10:36:56,430 INFO [root] [emp_parameterized.py test04_update_emp:93] - [修改员工的结果为：{'success': True, 'code': 10000, 'message': '操作成功！', 'data': {'id': '1190095345820192768'}}]
2019-11-01 10:36:56,430 INFO [root] [emp_parameterized.py test04_update_emp:93] - [修改员工的结果为：{'success': True, 'code': 10000, 'message': '操作成功！', 'data': {'id': '1190095345820192768'}}]
2019-11-01 10:36:56,514 INFO [root] [emp_parameterized.py test05_delete_emp:102] - [删除员工的结果为：{'success': True, 'code': 10000, 'message': '操作成功！', 'data': None}]
2019-11-01 10:36:56,514 INFO [root] [emp_parameterized.py test05_delete_emp:102] - [删除员工的结果为：{'success': True, 'code': 10000, 'message': '操作成功！', 'data': None}]
